<?xml version="1.0" encoding="UTF-8"?>
<testsuite xmlns:xsi="http://www.w3.org/2001/XMLSchema-instance" xsi:schemaLocation="https://maven.apache.org/surefire/maven-surefire-plugin/xsd/surefire-test-report.xsd" name="GmailTest" time="70.296" tests="5" errors="0" skipped="0" failures="1">
  <properties>
    <property name="java.runtime.name" value="Java(TM) SE Runtime Environment"/>
    <property name="java.vm.version" value="11.0.2+9-LTS"/>
    <property name="sun.boot.library.path" value="C:\Program Files\Java\jdk-11.0.2\bin"/>
    <property name="maven.multiModuleProjectDirectory" value="Z:\JavaProjects\selenium"/>
    <property name="java.vm.vendor" value="Oracle Corporation"/>
    <property name="java.vendor.url" value="http://java.oracle.com/"/>
    <property name="guice.disable.misplaced.annotation.check" value="true"/>
    <property name="path.separator" value=";"/>
    <property name="java.vm.name" value="Java HotSpot(TM) 64-Bit Server VM"/>
    <property name="sun.os.patch.level" value=""/>
    <property name="user.script" value=""/>
    <property name="user.country" value="UA"/>
    <property name="sun.java.launcher" value="SUN_STANDARD"/>
    <property name="java.vm.specification.name" value="Java Virtual Machine Specification"/>
    <property name="user.dir" value="Z:\JavaProjects\selenium"/>
    <property name="java.vm.compressedOopsMode" value="32-bit"/>
    <property name="java.runtime.version" value="11.0.2+9-LTS"/>
    <property name="java.awt.graphicsenv" value="sun.awt.Win32GraphicsEnvironment"/>
    <property name="os.arch" value="amd64"/>
    <property name="java.io.tmpdir" value="C:\Users\Vasyl\AppData\Local\Temp\"/>
    <property name="line.separator" value="&#10;"/>
    <property name="java.vm.specification.vendor" value="Oracle Corporation"/>
    <property name="user.variant" value=""/>
    <property name="os.name" value="Windows 10"/>
    <property name="classworlds.conf" value="Z:\IntelliJ IDEA 2018.3.4\plugins\maven\lib\maven3\bin\..\bin\m2.conf"/>
    <property name="sun.jnu.encoding" value="Cp1251"/>
    <property name="java.library.path" value="C:\Program Files\Java\jdk-11.0.2\bin;C:\Windows\Sun\Java\bin;C:\Windows\system32;C:\Windows;C:\Windows\system32;C:\Windows;C:\Windows\System32\Wbem;C:\Windows\System32\WindowsPowerShell\v1.0\;C:\Windows\System32\OpenSSH\;C:\Program Files\Microsoft SQL Server\130\Tools\Binn\;C:\Users\Vasyl\AppData\Local\Microsoft\WindowsApps;Z:\IntelliJ IDEA 2018.3.4\bin;;Z:\IntelliJ IDEA 2018.3.4\plugins\maven\lib\maven3\bin;Z:\Maven\apache-maven-3.6.0\bin;;."/>
    <property name="jdk.debug" value="release"/>
    <property name="java.class.version" value="55.0"/>
    <property name="java.specification.name" value="Java Platform API Specification"/>
    <property name="sun.management.compiler" value="HotSpot 64-Bit Tiered Compilers"/>
    <property name="os.version" value="10.0"/>
    <property name="user.home" value="C:\Users\Vasyl"/>
    <property name="user.timezone" value="Europe/Helsinki"/>
    <property name="java.awt.printerjob" value="sun.awt.windows.WPrinterJob"/>
    <property name="file.encoding" value="Cp1251"/>
    <property name="java.specification.version" value="11"/>
    <property name="user.name" value="Vasyl"/>
    <property name="java.class.path" value="Z:\IntelliJ IDEA 2018.3.4\plugins\maven\lib\maven3\bin\..\boot\plexus-classworlds-2.5.2.jar"/>
    <property name="java.vm.specification.version" value="11"/>
    <property name="sun.arch.data.model" value="64"/>
    <property name="sun.java.command" value="org.codehaus.plexus.classworlds.launcher.Launcher clean test"/>
    <property name="java.home" value="C:\Program Files\Java\jdk-11.0.2"/>
    <property name="user.language" value="uk"/>
    <property name="java.specification.vendor" value="Oracle Corporation"/>
    <property name="awt.toolkit" value="sun.awt.windows.WToolkit"/>
    <property name="java.vm.info" value="mixed mode"/>
    <property name="java.version" value="11.0.2"/>
    <property name="java.vendor" value="Oracle Corporation"/>
    <property name="sun.stderr.encoding" value="cp866"/>
    <property name="maven.home" value="Z:\IntelliJ IDEA 2018.3.4\plugins\maven\lib\maven3\bin\.."/>
    <property name="file.separator" value="\"/>
    <property name="java.version.date" value="2019-01-15"/>
    <property name="java.vendor.url.bug" value="http://bugreport.java.com/bugreport/"/>
    <property name="sun.io.unicode.encoding" value="UnicodeLittle"/>
    <property name="sun.cpu.endian" value="little"/>
    <property name="java.vendor.version" value="18.9"/>
    <property name="sun.stdout.encoding" value="cp866"/>
    <property name="sun.desktop" value="windows"/>
    <property name="sun.cpu.isalist" value="amd64"/>
  </properties>
  <testcase name="loginSendDeleteTest" classname="GmailTest" time="50.075">
    <failure message="no such element: Unable to locate element: {&quot;method&quot;:&quot;name&quot;,&quot;selector&quot;:&quot;to&quot;}&#10;  (Session info: chrome=72.0.3626.109)&#10;  (Driver info: chromedriver=2.46.628402 (536cd7adbad73a3783fdc2cab92ab2ba7ec361e1),platform=Windows NT 10.0.17763 x86_64) (WARNING: The server did not provide any stacktrace information)&#10;Command duration or timeout: 0 milliseconds&#10;For documentation on this error, please visit: http://seleniumhq.org/exceptions/no_such_element.html&#10;Build info: version: &apos;3.8.1&apos;, revision: &apos;6e95a6684b&apos;, time: &apos;2017-12-01T18:33:54.468Z&apos;&#10;System info: host: &apos;DESKTOP-J2RED75&apos;, ip: &apos;192.168.1.5&apos;, os.name: &apos;Windows 10&apos;, os.arch: &apos;amd64&apos;, os.version: &apos;10.0&apos;, java.version: &apos;11.0.2&apos;&#10;Driver info: org.openqa.selenium.chrome.ChromeDriver&#10;Capabilities {acceptInsecureCerts: false, acceptSslCerts: false, applicationCacheEnabled: false, browserConnectionEnabled: false, browserName: chrome, chrome: {chromedriverVersion: 2.46.628402 (536cd7adbad73a..., userDataDir: C:\Users\Vasyl\AppData\Loca...}, cssSelectorsEnabled: true, databaseEnabled: false, goog:chromeOptions: {debuggerAddress: localhost:53127}, handlesAlerts: true, hasTouchScreen: false, javascriptEnabled: true, locationContextEnabled: true, mobileEmulationEnabled: false, nativeEvents: true, networkConnectionEnabled: false, pageLoadStrategy: normal, platform: XP, platformName: XP, proxy: Proxy(), rotatable: false, setWindowRect: true, strictFileInteractability: false, takesHeapSnapshot: true, takesScreenshot: true, timeouts: {implicit: 0, pageLoad: 300000, script: 30000}, unexpectedAlertBehaviour: ignore, unhandledPromptBehavior: ignore, version: 72.0.3626.109, webStorageEnabled: true}&#10;Session ID: 87335ff274f0c0f18a5a1035f3037314&#10;*** Element info: {Using=name, value=to}" type="org.openqa.selenium.NoSuchElementException">org.openqa.selenium.NoSuchElementException: 
no such element: Unable to locate element: {"method":"name","selector":"to"}
  (Session info: chrome=72.0.3626.109)
  (Driver info: chromedriver=2.46.628402 (536cd7adbad73a3783fdc2cab92ab2ba7ec361e1),platform=Windows NT 10.0.17763 x86_64) (WARNING: The server did not provide any stacktrace information)
Command duration or timeout: 0 milliseconds
For documentation on this error, please visit: http://seleniumhq.org/exceptions/no_such_element.html
Build info: version: '3.8.1', revision: '6e95a6684b', time: '2017-12-01T18:33:54.468Z'
System info: host: 'DESKTOP-J2RED75', ip: '192.168.1.5', os.name: 'Windows 10', os.arch: 'amd64', os.version: '10.0', java.version: '11.0.2'
Driver info: org.openqa.selenium.chrome.ChromeDriver
Capabilities {acceptInsecureCerts: false, acceptSslCerts: false, applicationCacheEnabled: false, browserConnectionEnabled: false, browserName: chrome, chrome: {chromedriverVersion: 2.46.628402 (536cd7adbad73a..., userDataDir: C:\Users\Vasyl\AppData\Loca...}, cssSelectorsEnabled: true, databaseEnabled: false, goog:chromeOptions: {debuggerAddress: localhost:53127}, handlesAlerts: true, hasTouchScreen: false, javascriptEnabled: true, locationContextEnabled: true, mobileEmulationEnabled: false, nativeEvents: true, networkConnectionEnabled: false, pageLoadStrategy: normal, platform: XP, platformName: XP, proxy: Proxy(), rotatable: false, setWindowRect: true, strictFileInteractability: false, takesHeapSnapshot: true, takesScreenshot: true, timeouts: {implicit: 0, pageLoad: 300000, script: 30000}, unexpectedAlertBehaviour: ignore, unhandledPromptBehavior: ignore, version: 72.0.3626.109, webStorageEnabled: true}
Session ID: 87335ff274f0c0f18a5a1035f3037314
*** Element info: {Using=name, value=to}
	at GmailTest.loginSendDeleteTest(GmailTest.java:25)
</failure>
    <system-err><![CDATA[Starting ChromeDriver 2.46.628402 (536cd7adbad73a3783fdc2cab92ab2ba7ec361e1) on port 45480
Only local connections are allowed.
Please protect ports used by ChromeDriver and related test frameworks to prevent access by malicious code.
Starting ChromeDriver 2.46.628402 (536cd7adbad73a3783fdc2cab92ab2ba7ec361e1) on port 37345
Only local connections are allowed.
Please protect ports used by ChromeDriver and related test frameworks to prevent access by malicious code.
Starting ChromeDriver 2.46.628402 (536cd7adbad73a3783fdc2cab92ab2ba7ec361e1) on port 22613
Only local connections are allowed.
Please protect ports used by ChromeDriver and related test frameworks to prevent access by malicious code.
Starting ChromeDriver 2.46.628402 (536cd7adbad73a3783fdc2cab92ab2ba7ec361e1) on port 25920
Only local connections are allowed.
Please protect ports used by ChromeDriver and related test frameworks to prevent access by malicious code.
Starting ChromeDriver 2.46.628402 (536cd7adbad73a3783fdc2cab92ab2ba7ec361e1) on port 44426
Only local connections are allowed.
Please protect ports used by ChromeDriver and related test frameworks to prevent access by malicious code.
лют. 17, 2019 8:42:33 ПП org.openqa.selenium.remote.ProtocolHandshake createSession
INFO: Detected dialect: OSS
лют. 17, 2019 8:42:34 ПП org.openqa.selenium.remote.ProtocolHandshake createSession
INFO: Detected dialect: OSS
лют. 17, 2019 8:42:34 ПП org.openqa.selenium.remote.ProtocolHandshake createSession
INFO: Detected dialect: OSS
лют. 17, 2019 8:42:34 ПП org.openqa.selenium.remote.ProtocolHandshake createSession
INFO: Detected dialect: OSS
лют. 17, 2019 8:42:34 ПП org.openqa.selenium.remote.ProtocolHandshake createSession
INFO: Detected dialect: OSS
лют. 17, 2019 8:42:43 ПП PageObjects.GmailMainPO clickSignIn
INFO: sign in click
лют. 17, 2019 8:42:44 ПП PageObjects.GmailMainPO clickSignIn
INFO: sign in click
лют. 17, 2019 8:42:44 ПП PageObjects.GmailMainPO clickSignIn
INFO: sign in click
лют. 17, 2019 8:42:44 ПП PageObjects.GmailMainPO clickSignIn
INFO: sign in click
лют. 17, 2019 8:42:44 ПП PageObjects.GmailMainPO clickSignIn
INFO: sign in click
лют. 17, 2019 8:42:46 ПП PageObjects.LoginPagePO writeLogin
INFO: filling login
лют. 17, 2019 8:42:46 ПП PageObjects.LoginPagePO sendLogin
INFO: sending login
лют. 17, 2019 8:42:47 ПП PageObjects.PasswordPagePO writePassword
INFO: filling password
лют. 17, 2019 8:42:47 ПП PageObjects.LoginPagePO writeLogin
INFO: filling login
лют. 17, 2019 8:42:47 ПП PageObjects.LoginPagePO sendLogin
INFO: sending login
лют. 17, 2019 8:42:48 ПП PageObjects.PasswordPagePO writePassword
INFO: filling password
лют. 17, 2019 8:42:48 ПП PageObjects.PasswordPagePO sendPassword
INFO: sending password
лют. 17, 2019 8:42:48 ПП PageObjects.LoginPagePO writeLogin
INFO: filling login
лют. 17, 2019 8:42:49 ПП PageObjects.LoginPagePO sendLogin
INFO: sending login
лют. 17, 2019 8:42:49 ПП PageObjects.InboxMailsPO clickCompose
INFO: click compose button
лют. 17, 2019 8:42:49 ПП PageObjects.PasswordPagePO writePassword
INFO: filling password
лют. 17, 2019 8:42:49 ПП PageObjects.PasswordPagePO sendPassword
INFO: sending password
лют. 17, 2019 8:42:49 ПП PageObjects.LoginPagePO writeLogin
INFO: filling login
лют. 17, 2019 8:42:50 ПП PageObjects.LoginPagePO writeLogin
INFO: filling login
лют. 17, 2019 8:42:50 ПП PageObjects.LoginPagePO sendLogin
INFO: sending login
лют. 17, 2019 8:42:50 ПП PageObjects.LoginPagePO sendLogin
INFO: sending login
лют. 17, 2019 8:42:50 ПП PageObjects.PasswordPagePO writePassword
INFO: filling password
лют. 17, 2019 8:42:50 ПП PageObjects.PasswordPagePO writePassword
INFO: filling password
лют. 17, 2019 8:42:50 ПП PageObjects.InboxMailsPO clickCompose
INFO: click compose button
лют. 17, 2019 8:42:50 ПП PageObjects.PasswordPagePO sendPassword
INFO: sending password
лют. 17, 2019 8:42:51 ПП PageObjects.InboxMailsPO clickCompose
INFO: click compose button
лют. 17, 2019 8:42:51 ПП PageObjects.PasswordPagePO sendPassword
INFO: sending password
лют. 17, 2019 8:42:51 ПП PageObjects.PasswordPagePO sendPassword
INFO: sending password
лют. 17, 2019 8:42:51 ПП PageObjects.InboxMailsPO clickCompose
INFO: click compose button
лют. 17, 2019 8:42:51 ПП PageObjects.InboxMailsPO clickCompose
INFO: click compose button
лют. 17, 2019 8:43:03 ПП PageObjects.MailFormPO writeEmail
INFO: filling to field
лют. 17, 2019 8:43:03 ПП PageObjects.MailFormPO writeEmail
INFO: filling to field
лют. 17, 2019 8:43:17 ПП PageObjects.MailFormPO writeEmail
INFO: filling to field
]]></system-err>
  </testcase>
  <testcase name="loginSendDeleteTest" classname="GmailTest" time="53.869"/>
  <testcase name="loginSendDeleteTest" classname="GmailTest" time="65.422"/>
  <testcase name="loginSendDeleteTest" classname="GmailTest" time="65.454"/>
  <testcase name="loginSendDeleteTest" classname="GmailTest" time="67.468"/>
</testsuite>